Log file open, 01/23/20 11:28:09
LogWindows: Failed to load 'aqProf.dll' (GetLastError=126)
LogWindows: File 'aqProf.dll' does not exist
LogWindows: Failed to load 'VtuneApi.dll' (GetLastError=126)
LogWindows: File 'VtuneApi.dll' does not exist
LogWindows: Failed to load 'VtuneApi32e.dll' (GetLastError=126)
LogWindows: File 'VtuneApi32e.dll' does not exist
LogConsoleResponse: Display: Failed to find resolution value strings in scalability ini. Falling back to default.
LogInit: Display: Running engine for game: SCP
LogPlatformFile: Not using cached read wrapper
LogTaskGraph: Started task graph with 5 named threads and 23 total threads with 3 sets of task threads.
LogStats: Stats thread started at 0.069084
LogD3D11RHI: Loaded GFSDK_Aftermath_Lib.x64.dll
LogICUInternationalization: ICU TimeZone Detection - Raw Offset: +0:00, Platform Override: ''
LogPluginManager: Mounting plugin Paper2D
LogPluginManager: Mounting plugin AISupport
LogPluginManager: Mounting plugin LightPropagationVolume
LogPluginManager: Mounting plugin ActorLayerUtilities
LogPluginManager: Mounting plugin AnimationSharing
LogPluginManager: Mounting plugin CLionSourceCodeAccess
LogPluginManager: Mounting plugin CodeLiteSourceCodeAccess
LogPluginManager: Mounting plugin ConcertMain
LogPluginManager: Mounting plugin ConcertSyncClient
LogPluginManager: Mounting plugin ConcertSyncCore
LogPluginManager: Found config from plugin[ConcertSyncCore] C:/Users/Boomsatsuma/Documents/Cool stuff/SCP game/SCP/Saved/Config/Windows/Engine.ini
LogPluginManager: Mounting plugin MultiUserClient
LogPluginManager: Mounting plugin GitSourceControl
LogPluginManager: Mounting plugin KDevelopSourceCodeAccess
LogPluginManager: Mounting plugin NullSourceCodeAccess
LogPluginManager: Mounting plugin PerforceSourceControl
LogPluginManager: Mounting plugin SubversionSourceControl
LogPluginManager: Mounting plugin UObjectPlugin
LogPluginManager: Mounting plugin VisualStudioCodeSourceCodeAccess
LogPluginManager: Mounting plugin VisualStudioSourceCodeAccess
LogPluginManager: Mounting plugin XCodeSourceCodeAccess
LogPluginManager: Mounting plugin AssetManagerEditor
LogPluginManager: Mounting plugin CryptoKeys
LogPluginManager: Mounting plugin CurveEditorTools
LogPluginManager: Mounting plugin DataValidation
LogPluginManager: Mounting plugin FacialAnimation
LogPluginManager: Mounting plugin GameplayTagsEditor
LogPluginManager: Mounting plugin MacGraphicsSwitching
LogPluginManager: Mounting plugin MaterialAnalyzer
LogPluginManager: Mounting plugin MobileLauncherProfileWizard
LogPluginManager: Mounting plugin PluginBrowser
LogPluginManager: Mounting plugin SpeedTreeImporter
LogPluginManager: Mounting plugin DatasmithContent
LogPluginManager: Mounting plugin VariantManagerContent
LogPluginManager: Mounting plugin AlembicImporter
LogPluginManager: Mounting plugin AutomationUtils
LogPluginManager: Mounting plugin BackChannel
LogPluginManager: Mounting plugin CharacterAI
LogPluginManager: Mounting plugin GeometryCache
LogPluginManager: Mounting plugin HTML5Networking
LogPluginManager: Mounting plugin PlatformCrypto
LogPluginManager: Mounting plugin ProxyLODPlugin
LogPluginManager: Mounting plugin SkeletalReduction
LogPluginManager: Mounting plugin MagicLeap
LogPluginManager: Mounting plugin MagicLeapMedia
LogPluginManager: Mounting plugin AndroidMedia
LogPluginManager: Mounting plugin AvfMedia
LogPluginManager: Mounting plugin ImgMedia
LogPluginManager: Mounting plugin MediaCompositing
LogPluginManager: Mounting plugin MediaPlayerEditor
LogPluginManager: Mounting plugin WebMMedia
LogPluginManager: Mounting plugin WmfMedia
LogPluginManager: Mounting plugin TcpMessaging
LogPluginManager: Mounting plugin UdpMessaging
LogPluginManager: Mounting plugin ActorSequence
LogPluginManager: Mounting plugin LevelSequenceEditor
LogPluginManager: Mounting plugin MatineeToLevelSequence
LogPluginManager: Mounting plugin NetcodeUnitTest
LogPluginManager: Mounting plugin NUTUnrealEngine4
LogPluginManager: Mounting plugin OnlineSubsystemGooglePlay
LogPluginManager: Mounting plugin OnlineSubsystemIOS
LogPluginManager: Mounting plugin OnlineSubsystem
LogPluginManager: Mounting plugin OnlineSubsystemNull
LogPluginManager: Mounting plugin OnlineSubsystemUtils
LogPluginManager: Mounting plugin LauncherChunkInstaller
LogPluginManager: Mounting plugin AndroidDeviceProfileSelector
LogPluginManager: Mounting plugin AndroidMoviePlayer
LogPluginManager: Mounting plugin AndroidPermission
LogPluginManager: Mounting plugin AppleImageUtils
LogPluginManager: Mounting plugin AppleMoviePlayer
LogPluginManager: Mounting plugin ArchVisCharacter
LogPluginManager: Mounting plugin AudioCapture
LogPluginManager: Mounting plugin CableComponent
LogPluginManager: Mounting plugin CustomMeshComponent
LogPluginManager: Mounting plugin SQLiteCore
LogPluginManager: Mounting plugin EditableMesh
LogPluginManager: Mounting plugin ExampleDeviceProfileSelector
LogPluginManager: Mounting plugin GoogleCloudMessaging
LogPluginManager: Mounting plugin IOSDeviceProfileSelector
LogPluginManager: Mounting plugin LinuxDeviceProfileSelector
LogPluginManager: Mounting plugin LocationServicesBPLibrary
LogPluginManager: Mounting plugin MobilePatchingUtils
LogPluginManager: Mounting plugin OculusVR
LogPluginManager: Mounting plugin PhysXVehicles
LogPluginManager: Mounting plugin ProceduralMeshComponent
LogPluginManager: Mounting plugin RuntimePhysXCooking
LogPluginManager: Mounting plugin SignificanceManager
LogPluginManager: Mounting plugin SteamVR
LogPluginManager: Mounting plugin WebMMoviePlayer
LogPluginManager: Mounting plugin WindowsMoviePlayer
LogPluginManager: Mounting plugin ScreenshotTools
LogInit: Using libcurl 7.55.1-DEV
LogInit:  - built for x86_64-pc-win32
LogInit:  - supports SSL with OpenSSL/1.1.1
LogInit:  - supports HTTP deflate (compression) using libz 1.2.8
LogInit:  - other features:
LogInit:      CURL_VERSION_SSL
LogInit:      CURL_VERSION_LIBZ
LogInit:      CURL_VERSION_IPV6
LogInit:      CURL_VERSION_ASYNCHDNS
LogInit:      CURL_VERSION_LARGEFILE
LogInit:      CURL_VERSION_IDN
LogInit:  CurlRequestOptions (configurable via config and command line):
LogInit:  - bVerifyPeer = true  - Libcurl will verify peer certificate
LogInit:  - bUseHttpProxy = false  - Libcurl will NOT use HTTP proxy
LogInit:  - bDontReuseConnections = false  - Libcurl will reuse connections
LogInit:  - MaxHostConnections = 16  - Libcurl will limit the number of connections to a host
LogInit:  - LocalHostAddr = Default
LogInit:  - BufferSize = 65536
LogOnline: OSS: Creating online subsystem instance for: NULL
LogInit: WinSock: version 1.1 (2.2), MaxSocks=32767, MaxUdp=65467
LogInit: Build: ++UE4+Release-4.23-CL-9631420
LogInit: Engine Version: 4.23.1-9631420+++UE4+Release-4.23
LogInit: Compatible Engine Version: 4.23.0-8386587+++UE4+Release-4.23
LogInit: Net CL: 8386587
LogInit: OS: Windows 10 (Release 1903) (), CPU: Intel(R) Xeon(R) E-2144G CPU @ 3.60GHz, GPU: Intel(R) UHD Graphics P630
LogInit: Compiled (64-bit): Oct 18 2019 02:07:44
LogInit: Compiled with Visual C++: 19.16.27030.01
LogInit: Build Configuration: Development
LogInit: Branch Name: ++UE4+Release-4.23
LogInit: Command Line:  -EpicPortal -epicusername=Dylan_at_BoomSat -epicuserid=6b48502fc05d45259abaa582cd9e790a -epiclocale=en-GB
LogInit: Base Directory: C:/Program Files/Epic Games/UE_4.23/Engine/Binaries/Win64/
LogInit: Installed Engine Build: 1
LogDevObjectVersion: Number of dev versions registered: 23
LogDevObjectVersion:   Dev-Blueprints (B0D832E4-1F89-4F0D-ACCF-7EB736FD4AA2): 10
LogDevObjectVersion:   Dev-Build (E1C64328-A22C-4D53-A36C-8E866417BD8C): 0
LogDevObjectVersion:   Dev-Core (375EC13C-06E4-48FB-B500-84F0262A717E): 3
LogDevObjectVersion:   Dev-Editor (E4B068ED-F494-42E9-A231-DA0B2E46BB41): 34
LogDevObjectVersion:   Dev-Framework (CFFC743F-43B0-4480-9391-14DF171D2073): 35
LogDevObjectVersion:   Dev-Mobile (B02B49B5-BB20-44E9-A304-32B752E40360): 2
LogDevObjectVersion:   Dev-Networking (A4E4105C-59A1-49B5-A7C5-40C4547EDFEE): 0
LogDevObjectVersion:   Dev-Online (39C831C9-5AE6-47DC-9A44-9C173E1C8E7C): 0
LogDevObjectVersion:   Dev-Physics (78F01B33-EBEA-4F98-B9B4-84EACCB95AA2): 0
LogDevObjectVersion:   Dev-Platform (6631380F-2D4D-43E0-8009-CF276956A95A): 0
LogDevObjectVersion:   Dev-Rendering (12F88B9F-8875-4AFC-A67C-D90C383ABD29): 31
LogDevObjectVersion:   Dev-Sequencer (7B5AE74C-D270-4C10-A958-57980B212A5A): 11
LogDevObjectVersion:   Dev-VR (D7296918-1DD6-4BDD-9DE2-64A83CC13884): 2
LogDevObjectVersion:   Dev-LoadTimes (C2A15278-BFE7-4AFE-6C17-90FF531DF755): 1
LogDevObjectVersion:   Private-Geometry (6EACA3D4-40EC-4CC1-B786-8BED09428FC5): 3
LogDevObjectVersion:   Dev-AnimPhys (29E575DD-E0A3-4627-9D10-D276232CDCEA): 17
LogDevObjectVersion:   Dev-Anim (AF43A65D-7FD3-4947-9873-3E8ED9C1BB05): 2
LogDevObjectVersion:   Dev-ReflectionCapture (6B266CEC-1EC7-4B8F-A30B-E4D90942FC07): 1
LogDevObjectVersion:   Dev-Automation (0DF73D61-A23F-47EA-B727-89E90C41499A): 1
LogDevObjectVersion:   FortniteMain (601D1886-AC64-4F84-AA16-D3DE0DEAC7D6): 27
LogDevObjectVersion:   Dev-Enterprise (9DFFBCD6-494F-0158-E221-12823C92A888): 6
LogDevObjectVersion:   Dev-Niagara (F2AED0AC-9AFE-416F-8664-AA7FFA26D6FC): 1
LogDevObjectVersion:   Dev-Destruction (174F1F0B-B4C6-45A5-B13F-2EE8D0FB917D): 9
LogInit: Presizing for max 16777216 objects, including 0 objects not considered by GC, pre-allocating 0 bytes for permanent pool.
LogInit: Object subsystem initialized
LogConfig: Setting CVar [[con.DebugEarlyDefault:1]]
LogConfig: Setting CVar [[r.setres:1280x720]]
[2020.01.23-11.28.09:731][  0]LogConfig: Setting CVar [[r.VSync:0]]
[2020.01.23-11.28.09:731][  0]LogConfig: Setting CVar [[r.RHICmdBypass:0]]
[2020.01.23-11.28.09:731][  0]LogConfig: Applying CVar settings from Section [/Script/Engine.RendererSettings] File [C:/Users/Boomsatsuma/Documents/Cool stuff/SCP game/SCP/Saved/Config/Windows/Engine.ini]
[2020.01.23-11.28.09:731][  0]LogConfig: Setting CVar [[r.GPUCrashDebugging:0]]
[2020.01.23-11.28.09:731][  0]LogConfig: Applying CVar settings from Section [/Script/Engine.RendererOverrideSettings] File [C:/Users/Boomsatsuma/Documents/Cool stuff/SCP game/SCP/Saved/Config/Windows/Engine.ini]
[2020.01.23-11.28.09:731][  0]LogConfig: Applying CVar settings from Section [/Script/Engine.StreamingSettings] File [C:/Users/Boomsatsuma/Documents/Cool stuff/SCP game/SCP/Saved/Config/Windows/Engine.ini]
[2020.01.23-11.28.09:732][  0]LogConfig: Setting CVar [[s.MinBulkDataSizeForAsyncLoading:131072]]
[2020.01.23-11.28.09:732][  0]LogConfig: Setting CVar [[s.AsyncLoadingThreadEnabled:0]]
[2020.01.23-11.28.09:732][  0]LogConfig: Setting CVar [[s.EventDrivenLoaderEnabled:1]]
[2020.01.23-11.28.09:732][  0]LogConfig: Setting CVar [[s.WarnIfTimeLimitExceeded:0]]
[2020.01.23-11.28.09:732][  0]LogConfig: Setting CVar [[s.TimeLimitExceededMultiplier:1.5]]
[2020.01.23-11.28.09:732][  0]LogConfig: Setting CVar [[s.TimeLimitExceededMinTime:0.005]]
[2020.01.23-11.28.09:732][  0]LogConfig: Setting CVar [[s.UseBackgroundLevelStreaming:1]]
[2020.01.23-11.28.09:732][  0]LogConfig: Setting CVar [[s.PriorityAsyncLoadingExtraTime:15.0]]
[2020.01.23-11.28.09:732][  0]LogConfig: Setting CVar [[s.LevelStreamingActorsUpdateTimeLimit:5.0]]
[2020.01.23-11.28.09:732][  0]LogConfig: Setting CVar [[s.PriorityLevelStreamingActorsUpdateExtraTime:5.0]]
[2020.01.23-11.28.09:732][  0]LogConfig: Setting CVar [[s.LevelStreamingComponentsRegistrationGranularity:10]]
[2020.01.23-11.28.09:732][  0]LogConfig: Setting CVar [[s.UnregisterComponentsTimeLimit:1.0]]
[2020.01.23-11.28.09:732][  0]LogConfig: Setting CVar [[s.LevelStreamingComponentsUnregistrationGranularity:5]]
[2020.01.23-11.28.09:732][  0]LogConfig: Applying CVar settings from Section [/Script/Engine.GarbageCollectionSettings] File [C:/Users/Boomsatsuma/Documents/Cool stuff/SCP game/SCP/Saved/Config/Windows/Engine.ini]
[2020.01.23-11.28.09:732][  0]LogConfig: Setting CVar [[gc.MaxObjectsNotConsideredByGC:1]]
[2020.01.23-11.28.09:732][  0]LogConfig: Setting CVar [[gc.SizeOfPermanentObjectPool:0]]
[2020.01.23-11.28.09:732][  0]LogConfig: Setting CVar [[gc.FlushStreamingOnGC:0]]
[2020.01.23-11.28.09:732][  0]LogConfig: Setting CVar [[gc.NumRetriesBeforeForcingGC:10]]
[2020.01.23-11.28.09:732][  0]LogConfig: Setting CVar [[gc.AllowParallelGC:1]]
[2020.01.23-11.28.09:732][  0]LogConfig: Setting CVar [[gc.TimeBetweenPurgingPendingKillObjects:61.1]]
[2020.01.23-11.28.09:732][  0]LogConfig: Setting CVar [[gc.MaxObjectsInEditor:16777216]]
[2020.01.23-11.28.09:732][  0]LogConfig: Setting CVar [[gc.IncrementalBeginDestroyEnabled:1]]
[2020.01.23-11.28.09:732][  0]LogConfig: Setting CVar [[gc.CreateGCClusters:1]]
[2020.01.23-11.28.09:732][  0]LogConfig: Setting CVar [[gc.MinGCClusterSize:5]]
[2020.01.23-11.28.09:732][  0]LogConfig: Setting CVar [[gc.ActorClusteringEnabled:0]]
[2020.01.23-11.28.09:732][  0]LogConfig: Setting CVar [[gc.BlueprintClusteringEnabled:0]]
[2020.01.23-11.28.09:732][  0]LogConfig: Setting CVar [[gc.UseDisregardForGCOnDedicatedServers:0]]
[2020.01.23-11.28.09:732][  0]LogConfig: Applying CVar settings from Section [/Script/Engine.NetworkSettings] File [C:/Users/Boomsatsuma/Documents/Cool stuff/SCP game/SCP/Saved/Config/Windows/Engine.ini]
[2020.01.23-11.28.09:732][  0]LogConfig: Applying CVar settings from Section [/Script/UnrealEd.CookerSettings] File [C:/Users/Boomsatsuma/Documents/Cool stuff/SCP game/SCP/Saved/Config/Windows/Engine.ini]
[2020.01.23-11.28.09:733][  0]LogConfig: Applying CVar settings from Section [ViewDistanceQuality@3] File [C:/Users/Boomsatsuma/Documents/Cool stuff/SCP game/SCP/Saved/Config/Windows/Scalability.ini]
[2020.01.23-11.28.09:733][  0]LogConfig: Setting CVar [[r.SkeletalMeshLODBias:0]]
[2020.01.23-11.28.09:733][  0]LogConfig: Setting CVar [[r.ViewDistanceScale:1.0]]
[2020.01.23-11.28.09:733][  0]LogConfig: Applying CVar settings from Section [AntiAliasingQuality@3] File [C:/Users/Boomsatsuma/Documents/Cool stuff/SCP game/SCP/Saved/Config/Windows/Scalability.ini]
[2020.01.23-11.28.09:733][  0]LogConfig: Setting CVar [[r.PostProcessAAQuality:4]]
[2020.01.23-11.28.09:733][  0]LogConfig: Applying CVar settings from Section [ShadowQuality@3] File [C:/Users/Boomsatsuma/Documents/Cool stuff/SCP game/SCP/Saved/Config/Windows/Scalability.ini]
[2020.01.23-11.28.09:734][  0]LogConfig: Setting CVar [[r.LightFunctionQuality:1]]
[2020.01.23-11.28.09:734][  0]LogConfig: Setting CVar [[r.ShadowQuality:5]]
[2020.01.23-11.28.09:734][  0]LogConfig: Setting CVar [[r.Shadow.CSM.MaxCascades:10]]
[2020.01.23-11.28.09:734][  0]LogConfig: Setting CVar [[r.Shadow.MaxResolution:2048]]
[2020.01.23-11.28.09:734][  0]LogConfig: Setting CVar [[r.Shadow.MaxCSMResolution:2048]]
[2020.01.23-11.28.09:734][  0]LogConfig: Setting CVar [[r.Shadow.RadiusThreshold:0.01]]
[2020.01.23-11.28.09:734][  0]LogConfig: Setting CVar [[r.Shadow.DistanceScale:1.0]]
[2020.01.23-11.28.09:734][  0]LogConfig: Setting CVar [[r.Shadow.CSM.TransitionScale:1.0]]
[2020.01.23-11.28.09:734][  0]LogConfig: Setting CVar [[r.Shadow.PreShadowResolutionFactor:1.0]]
[2020.01.23-11.28.09:734][  0]LogConfig: Setting CVar [[r.DistanceFieldShadowing:1]]
[2020.01.23-11.28.09:734][  0]LogConfig: Setting CVar [[r.DistanceFieldAO:1]]
[2020.01.23-11.28.09:734][  0]LogConfig: Setting CVar [[r.AOQuality:2]]
[2020.01.23-11.28.09:734][  0]LogConfig: Setting CVar [[r.VolumetricFog:1]]
[2020.01.23-11.28.09:734][  0]LogConfig: Setting CVar [[r.VolumetricFog.GridPixelSize:8]]
[2020.01.23-11.28.09:734][  0]LogConfig: Setting CVar [[r.VolumetricFog.GridSizeZ:128]]
[2020.01.23-11.28.09:734][  0]LogConfig: Setting CVar [[r.VolumetricFog.HistoryMissSupersampleCount:4]]
[2020.01.23-11.28.09:734][  0]LogConfig: Setting CVar [[r.LightMaxDrawDistanceScale:1]]
[2020.01.23-11.28.09:734][  0]LogConfig: Setting CVar [[r.CapsuleShadows:1]]
[2020.01.23-11.28.09:734][  0]LogConfig: Applying CVar settings from Section [PostProcessQuality@3] File [C:/Users/Boomsatsuma/Documents/Cool stuff/SCP game/SCP/Saved/Config/Windows/Scalability.ini]
[2020.01.23-11.28.09:734][  0]LogConfig: Setting CVar [[r.MotionBlurQuality:4]]
[2020.01.23-11.28.09:734][  0]LogConfig: Setting CVar [[r.AmbientOcclusionMipLevelFactor:0.4]]
[2020.01.23-11.28.09:734][  0]LogConfig: Setting CVar [[r.AmbientOcclusionMaxQuality:100]]
[2020.01.23-11.28.09:734][  0]LogConfig: Setting CVar [[r.AmbientOcclusionLevels:-1]]
[2020.01.23-11.28.09:734][  0]LogConfig: Setting CVar [[r.AmbientOcclusionRadiusScale:1.0]]
[2020.01.23-11.28.09:734][  0]LogConfig: Setting CVar [[r.DepthOfFieldQuality:2]]
[2020.01.23-11.28.09:734][  0]LogConfig: Setting CVar [[r.RenderTargetPoolMin:400]]
[2020.01.23-11.28.09:734][  0]LogConfig: Setting CVar [[r.LensFlareQuality:2]]
[2020.01.23-11.28.09:734][  0]LogConfig: Setting CVar [[r.SceneColorFringeQuality:1]]
[2020.01.23-11.28.09:734][  0]LogConfig: Setting CVar [[r.EyeAdaptationQuality:2]]
[2020.01.23-11.28.09:734][  0]LogConfig: Setting CVar [[r.BloomQuality:5]]
[2020.01.23-11.28.09:734][  0]LogConfig: Setting CVar [[r.FastBlurThreshold:100]]
[2020.01.23-11.28.09:734][  0]LogConfig: Setting CVar [[r.Upscale.Quality:3]]
[2020.01.23-11.28.09:734][  0]LogConfig: Setting CVar [[r.Tonemapper.GrainQuantization:1]]
[2020.01.23-11.28.09:734][  0]LogConfig: Setting CVar [[r.LightShaftQuality:1]]
[2020.01.23-11.28.09:734][  0]LogConfig: Setting CVar [[r.Filter.SizeScale:1]]
[2020.01.23-11.28.09:734][  0]LogConfig: Setting CVar [[r.Tonemapper.Quality:5]]
[2020.01.23-11.28.09:734][  0]LogConfig: Setting CVar [[r.DOF.Gather.AccumulatorQuality:1        ; higher gathering accumulator quality]]
[2020.01.23-11.28.09:734][  0]LogConfig: Setting CVar [[r.DOF.Gather.PostfilterMethod:1          ; Median3x3 postfilering method]]
[2020.01.23-11.28.09:734][  0]LogConfig: Setting CVar [[r.DOF.Gather.EnableBokehSettings:0       ; no bokeh simulation when gathering]]
[2020.01.23-11.28.09:734][  0]LogConfig: Setting CVar [[r.DOF.Gather.RingCount:4                 ; medium number of samples when gathering]]
[2020.01.23-11.28.09:734][  0]LogConfig: Setting CVar [[r.DOF.Scatter.ForegroundCompositing:1    ; additive foreground scattering]]
[2020.01.23-11.28.09:734][  0]LogConfig: Setting CVar [[r.DOF.Scatter.BackgroundCompositing:2    ; additive background scattering]]
[2020.01.23-11.28.09:734][  0]LogConfig: Setting CVar [[r.DOF.Scatter.EnableBokehSettings:1      ; bokeh simulation when scattering]]
[2020.01.23-11.28.09:734][  0]LogConfig: Setting CVar [[r.DOF.Scatter.MaxSpriteRatio:0.1         ; only a maximum of 10% of scattered bokeh]]
[2020.01.23-11.28.09:734][  0]LogConfig: Setting CVar [[r.DOF.Recombine.Quality:1                ; cheap slight out of focus]]
[2020.01.23-11.28.09:734][  0]LogConfig: Setting CVar [[r.DOF.Recombine.EnableBokehSettings:0    ; no bokeh simulation on slight out of focus]]
[2020.01.23-11.28.09:734][  0]LogConfig: Setting CVar [[r.DOF.TemporalAAQuality:1                ; more stable temporal accumulation]]
[2020.01.23-11.28.09:734][  0]LogConfig: Setting CVar [[r.DOF.Kernel.MaxForegroundRadius:0.025]]
[2020.01.23-11.28.09:734][  0]LogConfig: Setting CVar [[r.DOF.Kernel.MaxBackgroundRadius:0.025]]
[2020.01.23-11.28.09:734][  0]LogConfig: Applying CVar settings from Section [TextureQuality@3] File [C:/Users/Boomsatsuma/Documents/Cool stuff/SCP game/SCP/Saved/Config/Windows/Scalability.ini]
[2020.01.23-11.28.09:734][  0]LogConfig: Setting CVar [[r.Streaming.MipBias:0]]
[2020.01.23-11.28.09:734][  0]LogConfig: Setting CVar [[r.Streaming.AmortizeCPUToGPUCopy:0]]
[2020.01.23-11.28.09:734][  0]LogConfig: Setting CVar [[r.Streaming.MaxNumTexturesToStreamPerFrame:0]]
[2020.01.23-11.28.09:734][  0]LogConfig: Setting CVar [[r.Streaming.Boost:1]]
[2020.01.23-11.28.09:734][  0]LogConfig: Setting CVar [[r.MaxAnisotropy:8]]
[2020.01.23-11.28.09:734][  0]LogConfig: Setting CVar [[r.Streaming.LimitPoolSizeToVRAM:0]]
[2020.01.23-11.28.09:734][  0]LogConfig: Setting CVar [[r.Streaming.PoolSize:1000]]
[2020.01.23-11.28.09:734][  0]LogConfig: Setting CVar [[r.Streaming.MaxEffectiveScreenSize:0]]
[2020.01.23-11.28.09:734][  0]LogConfig: Applying CVar settings from Section [EffectsQuality@3] File [C:/Users/Boomsatsuma/Documents/Cool stuff/SCP game/SCP/Saved/Config/Windows/Scalability.ini]
[2020.01.23-11.28.09:734][  0]LogConfig: Setting CVar [[r.TranslucencyLightingVolumeDim:64]]
[2020.01.23-11.28.09:734][  0]LogConfig: Setting CVar [[r.RefractionQuality:2]]
[2020.01.23-11.28.09:734][  0]LogConfig: Setting CVar [[r.SSR.Quality:3]]
[2020.01.23-11.28.09:734][  0]LogConfig: Setting CVar [[r.SceneColorFormat:4]]
[2020.01.23-11.28.09:734][  0]LogConfig: Setting CVar [[r.DetailMode:2]]
[2020.01.23-11.28.09:734][  0]LogConfig: Setting CVar [[r.TranslucencyVolumeBlur:1]]
[2020.01.23-11.28.09:734][  0]LogConfig: Setting CVar [[r.MaterialQualityLevel:1 ; High quality]]
[2020.01.23-11.28.09:734][  0]LogConfig: Setting CVar [[r.SSS.Scale:1]]
[2020.01.23-11.28.09:734][  0]LogConfig: Setting CVar [[r.SSS.SampleSet:2]]
[2020.01.23-11.28.09:734][  0]LogConfig: Setting CVar [[r.SSS.Quality:1]]
[2020.01.23-11.28.09:734][  0]LogConfig: Setting CVar [[r.SSS.HalfRes:1]]
[2020.01.23-11.28.09:734][  0]LogConfig: Setting CVar [[r.EmitterSpawnRateScale:1.0]]
[2020.01.23-11.28.09:734][  0]LogConfig: Setting CVar [[r.ParticleLightQuality:2]]
[2020.01.23-11.28.09:734][  0]LogConfig: Applying CVar settings from Section [FoliageQuality@3] File [C:/Users/Boomsatsuma/Documents/Cool stuff/SCP game/SCP/Saved/Config/Windows/Scalability.ini]
[2020.01.23-11.28.09:734][  0]LogConfig: Setting CVar [[foliage.DensityScale:1.0]]
[2020.01.23-11.28.09:734][  0]LogConfig: Setting CVar [[grass.DensityScale:1.0]]
[2020.01.23-11.28.09:734][  0]LogInit: Selected Device Profile: [Windows]
[2020.01.23-11.28.09:734][  0]LogInit: Applying CVar settings loaded from the selected device profile: [Windows]
[2020.01.23-11.28.09:737][  0]LogHAL: Display: Platform has ~ 16 GB [17012113408 / 17179869184 / 16], which maps to Larger [LargestMinGB=32, LargerMinGB=12, DefaultMinGB=8, SmallerMinGB=6, SmallestMinGB=0)
[2020.01.23-11.28.09:737][  0]LogInit: Going up to parent DeviceProfile []
[2020.01.23-11.28.09:737][  0]LogConfig: Applying CVar settings from Section [ViewDistanceQuality@1] File [C:/Users/Boomsatsuma/Documents/Cool stuff/SCP game/SCP/Saved/Config/Windows/Scalability.ini]
[2020.01.23-11.28.09:737][  0]LogConfig: Setting CVar [[r.SkeletalMeshLODBias:1]]
[2020.01.23-11.28.09:737][  0]LogConfig: Setting CVar [[r.ViewDistanceScale:0.6]]
[2020.01.23-11.28.09:737][  0]LogConfig: Applying CVar settings from Section [AntiAliasingQuality@1] File [C:/Users/Boomsatsuma/Documents/Cool stuff/SCP game/SCP/Saved/Config/Windows/Scalability.ini]
[2020.01.23-11.28.09:737][  0]LogConfig: Setting CVar [[r.PostProcessAAQuality:2]]
[2020.01.23-11.28.09:737][  0]LogConfig: Applying CVar settings from Section [ShadowQuality@1] File [C:/Users/Boomsatsuma/Documents/Cool stuff/SCP game/SCP/Saved/Config/Windows/Scalability.ini]
[2020.01.23-11.28.09:737][  0]LogConfig: Setting CVar [[r.LightFunctionQuality:1]]
[2020.01.23-11.28.09:737][  0]LogConfig: Setting CVar [[r.ShadowQuality:3]]
[2020.01.23-11.28.09:737][  0]LogConfig: Setting CVar [[r.Shadow.CSM.MaxCascades:1]]
[2020.01.23-11.28.09:737][  0]LogConfig: Setting CVar [[r.Shadow.MaxResolution:1024]]
[2020.01.23-11.28.09:737][  0]LogConfig: Setting CVar [[r.Shadow.MaxCSMResolution:1024]]
[2020.01.23-11.28.09:737][  0]LogConfig: Setting CVar [[r.Shadow.RadiusThreshold:0.05]]
[2020.01.23-11.28.09:737][  0]LogConfig: Setting CVar [[r.Shadow.DistanceScale:0.7]]
[2020.01.23-11.28.09:737][  0]LogConfig: Setting CVar [[r.Shadow.CSM.TransitionScale:0.25]]
[2020.01.23-11.28.09:737][  0]LogConfig: Setting CVar [[r.Shadow.PreShadowResolutionFactor:0.5]]
[2020.01.23-11.28.09:737][  0]LogConfig: Setting CVar [[r.DistanceFieldShadowing:0]]
[2020.01.23-11.28.09:737][  0]LogConfig: Setting CVar [[r.DistanceFieldAO:0]]
[2020.01.23-11.28.09:737][  0]LogConfig: Setting CVar [[r.VolumetricFog:0]]
[2020.01.23-11.28.09:737][  0]LogConfig: Setting CVar [[r.LightMaxDrawDistanceScale:.5]]
[2020.01.23-11.28.09:737][  0]LogConfig: Setting CVar [[r.CapsuleShadows:1]]
[2020.01.23-11.28.09:737][  0]LogConfig: Applying CVar settings from Section [PostProcessQuality@1] File [C:/Users/Boomsatsuma/Documents/Cool stuff/SCP game/SCP/Saved/Config/Windows/Scalability.ini]
[2020.01.23-11.28.09:737][  0]LogConfig: Setting CVar [[r.MotionBlurQuality:3]]
[2020.01.23-11.28.09:737][  0]LogConfig: Setting CVar [[r.AmbientOcclusionMipLevelFactor:1.0]]
[2020.01.23-11.28.09:737][  0]LogConfig: Setting CVar [[r.AmbientOcclusionMaxQuality:60]]
[2020.01.23-11.28.09:737][  0]LogConfig: Setting CVar [[r.AmbientOcclusionLevels:-1]]
[2020.01.23-11.28.09:737][  0]LogConfig: Setting CVar [[r.AmbientOcclusionRadiusScale:1.5]]
[2020.01.23-11.28.09:737][  0]LogConfig: Setting CVar [[r.DepthOfFieldQuality:1]]
[2020.01.23-11.28.09:737][  0]LogConfig: Setting CVar [[r.RenderTargetPoolMin:350]]
[2020.01.23-11.28.09:737][  0]LogConfig: Setting CVar [[r.LensFlareQuality:0]]
[2020.01.23-11.28.09:737][  0]LogConfig: Setting CVar [[r.SceneColorFringeQuality:0]]
[2020.01.23-11.28.09:737][  0]LogConfig: Setting CVar [[r.EyeAdaptationQuality:0]]
[2020.01.23-11.28.09:737][  0]LogConfig: Setting CVar [[r.BloomQuality:4]]
[2020.01.23-11.28.09:737][  0]LogConfig: Setting CVar [[r.FastBlurThreshold:2]]
[2020.01.23-11.28.09:737][  0]LogConfig: Setting CVar [[r.Upscale.Quality:2]]
[2020.01.23-11.28.09:737][  0]LogConfig: Setting CVar [[r.Tonemapper.GrainQuantization:0]]
[2020.01.23-11.28.09:737][  0]LogConfig: Setting CVar [[r.LightShaftQuality:0]]
[2020.01.23-11.28.09:737][  0]LogConfig: Setting CVar [[r.Filter.SizeScale:0.7]]
[2020.01.23-11.28.09:737][  0]LogConfig: Setting CVar [[r.Tonemapper.Quality:2]]
[2020.01.23-11.28.09:737][  0]LogConfig: Setting CVar [[r.DOF.Gather.AccumulatorQuality:0        ; lower gathering accumulator quality]]
[2020.01.23-11.28.09:737][  0]LogConfig: Setting CVar [[r.DOF.Gather.PostfilterMethod:2          ; Max3x3 postfilering method]]
[2020.01.23-11.28.09:737][  0]LogConfig: Setting CVar [[r.DOF.Gather.EnableBokehSettings:0       ; no bokeh simulation when gathering]]
[2020.01.23-11.28.09:737][  0]LogConfig: Setting CVar [[r.DOF.Gather.RingCount:3                 ; low number of samples when gathering]]
[2020.01.23-11.28.09:737][  0]LogConfig: Setting CVar [[r.DOF.Scatter.ForegroundCompositing:0    ; no foreground scattering]]
[2020.01.23-11.28.09:737][  0]LogConfig: Setting CVar [[r.DOF.Scatter.BackgroundCompositing:0    ; no foreground scattering]]
[2020.01.23-11.28.09:737][  0]LogConfig: Setting CVar [[r.DOF.Recombine.Quality:0                ; no slight out of focus]]
[2020.01.23-11.28.09:737][  0]LogConfig: Setting CVar [[r.DOF.TemporalAAQuality:0                ; faster temporal accumulation]]
[2020.01.23-11.28.09:737][  0]LogConfig: Setting CVar [[r.DOF.Kernel.MaxForegroundRadius:0.006   ; required because low gathering and no scattering and not looking great at 1080p]]
[2020.01.23-11.28.09:737][  0]LogConfig: Setting CVar [[r.DOF.Kernel.MaxBackgroundRadius:0.006   ; required because low gathering and no scattering and not looking great at 1080p]]
[2020.01.23-11.28.09:737][  0]LogConfig: Applying CVar settings from Section [TextureQuality@1] File [C:/Users/Boomsatsuma/Documents/Cool stuff/SCP game/SCP/Saved/Config/Windows/Scalability.ini]
[2020.01.23-11.28.09:737][  0]LogConfig: Setting CVar [[r.Streaming.MipBias:1]]
[2020.01.23-11.28.09:737][  0]LogConfig: Setting CVar [[r.Streaming.AmortizeCPUToGPUCopy:0]]
[2020.01.23-11.28.09:737][  0]LogConfig: Setting CVar [[r.Streaming.MaxNumTexturesToStreamPerFrame:0]]
[2020.01.23-11.28.09:737][  0]LogConfig: Setting CVar [[r.Streaming.Boost:1]]
[2020.01.23-11.28.09:737][  0]LogConfig: Setting CVar [[r.MaxAnisotropy:2]]
[2020.01.23-11.28.09:737][  0]LogConfig: Setting CVar [[r.Streaming.LimitPoolSizeToVRAM:1]]
[2020.01.23-11.28.09:737][  0]LogConfig: Setting CVar [[r.Streaming.PoolSize:600]]
[2020.01.23-11.28.09:737][  0]LogConfig: Setting CVar [[r.Streaming.MaxEffectiveScreenSize:0]]
[2020.01.23-11.28.09:737][  0]LogConfig: Applying CVar settings from Section [EffectsQuality@1] File [C:/Users/Boomsatsuma/Documents/Cool stuff/SCP game/SCP/Saved/Config/Windows/Scalability.ini]
[2020.01.23-11.28.09:737][  0]LogConfig: Setting CVar [[r.TranslucencyLightingVolumeDim:32]]
[2020.01.23-11.28.09:737][  0]LogConfig: Setting CVar [[r.RefractionQuality:0]]
[2020.01.23-11.28.09:737][  0]LogConfig: Setting CVar [[r.SSR.Quality:0]]
[2020.01.23-11.28.09:737][  0]LogConfig: Setting CVar [[r.SceneColorFormat:3]]
[2020.01.23-11.28.09:737][  0]LogConfig: Setting CVar [[r.DetailMode:1]]
[2020.01.23-11.28.09:737][  0]LogConfig: Setting CVar [[r.TranslucencyVolumeBlur:0]]
[2020.01.23-11.28.09:737][  0]LogConfig: Setting CVar [[r.MaterialQualityLevel:2 ; Medium quality]]
[2020.01.23-11.28.09:737][  0]LogConfig: Setting CVar [[r.SSS.Scale:0.75]]
[2020.01.23-11.28.09:737][  0]LogConfig: Setting CVar [[r.SSS.SampleSet:0]]
[2020.01.23-11.28.09:737][  0]LogConfig: Setting CVar [[r.SSS.Quality:0]]
[2020.01.23-11.28.09:737][  0]LogConfig: Setting CVar [[r.SSS.HalfRes:1]]
[2020.01.23-11.28.09:737][  0]LogConfig: Setting CVar [[r.EmitterSpawnRateScale:0.25]]
[2020.01.23-11.28.09:737][  0]LogConfig: Setting CVar [[r.ParticleLightQuality:0]]
[2020.01.23-11.28.09:738][  0]LogConfig: Applying CVar settings from Section [FoliageQuality@1] File [C:/Users/Boomsatsuma/Documents/Cool stuff/SCP game/SCP/Saved/Config/Windows/Scalability.ini]
[2020.01.23-11.28.09:738][  0]LogConfig: Setting CVar [[foliage.DensityScale:0.4]]
[2020.01.23-11.28.09:738][  0]LogConfig: Setting CVar [[grass.DensityScale:0.4]]
[2020.01.23-11.28.09:738][  0]LogConfig: Applying CVar settings from Section [Startup] File [../../../Engine/Config/ConsoleVariables.ini]
[2020.01.23-11.28.09:738][  0]LogConfig: Setting CVar [[net.UseAdaptiveNetUpdateFrequency:0]]
[2020.01.23-11.28.09:738][  0]LogConfig: Setting CVar [[p.chaos.AllowCreatePhysxBodies:1]]
[2020.01.23-11.28.09:738][  0]LogConfig: Applying CVar settings from Section [ConsoleVariables] File [C:/Users/Boomsatsuma/Documents/Cool stuff/SCP game/SCP/Saved/Config/Windows/Engine.ini]
[2020.01.23-11.28.09:738][  0]LogInit: Computer: DESKTOP-10OBL1P
[2020.01.23-11.28.09:738][  0]LogInit: User: Boomsatsuma
[2020.01.23-11.28.09:738][  0]LogInit: CPU Page size=4096, Cores=4
[2020.01.23-11.28.09:738][  0]LogInit: High frequency timer resolution =10.000000 MHz
[2020.01.23-11.28.09:738][  0]LogMemory: Memory total: Physical=15.8GB (16GB approx)
[2020.01.23-11.28.09:738][  0]LogMemory: Platform Memory Stats for Windows
[2020.01.23-11.28.09:738][  0]LogMemory: Process Physical Memory: 100.33 MB used, 100.34 MB peak
[2020.01.23-11.28.09:738][  0]LogMemory: Process Virtual Memory: 88.87 MB used, 88.87 MB peak
[2020.01.23-11.28.09:738][  0]LogMemory: Physical Memory: 6329.08 MB used,  9894.94 MB free, 16224.02 MB total
[2020.01.23-11.28.09:738][  0]LogMemory: Virtual Memory: 4656.43 MB used,  134213072.00 MB free, 134217728.00 MB total
[2020.01.23-11.28.09:740][  0]LogWindows: WindowsPlatformFeatures enabled
[2020.01.23-11.28.09:755][  0]LogInit: Using OS detected language (en-GB).
[2020.01.23-11.28.09:755][  0]LogInit: Using OS detected locale (en-GB).
[2020.01.23-11.28.09:756][  0]LogTextLocalizationManager: No specific localization for 'en-GB' exists, so the 'en' localization will be used.
[2020.01.23-11.28.09:885][  0]LogInit: Setting process to per monitor DPI aware
[2020.01.23-11.28.09:908][  0]LogSlate: New Slate User Created.  User Index 0, Is Virtual User: 0
[2020.01.23-11.28.09:908][  0]LogSlate: Slate User Registered.  User Index 0, Is Virtual User: 0
[2020.01.23-11.28.10:031][  0]LogHMD: Failed to initialize OpenVR with code 110
[2020.01.23-11.28.10:031][  0]LogD3D11RHI: D3D11 adapters:
[2020.01.23-11.28.10:110][  0]LogD3D11RHI:    0. 'Intel(R) UHD Graphics P630' (Feature Level 11_0)
[2020.01.23-11.28.10:110][  0]LogD3D11RHI:       128/0/8112 MB DedicatedVideo/DedicatedSystem/SharedSystem, Outputs:1, VendorId:0x8086
[2020.01.23-11.28.10:112][  0]LogD3D11RHI:    1. 'Microsoft Basic Render Driver' (Feature Level 11_0)
[2020.01.23-11.28.10:112][  0]LogD3D11RHI:       0/0/8112 MB DedicatedVideo/DedicatedSystem/SharedSystem, Outputs:0, VendorId:0x1414
[2020.01.23-11.28.10:112][  0]LogD3D11RHI: Chosen D3D11 Adapter: 0
[2020.01.23-11.28.10:116][  0]LogD3D11RHI: Creating new Direct3DDevice
[2020.01.23-11.28.10:116][  0]LogD3D11RHI:     GPU DeviceId: 0x3e96 (for the marketing name, search the web for "GPU Device Id")
[2020.01.23-11.28.10:116][  0]LogWindows: EnumDisplayDevices:
[2020.01.23-11.28.10:117][  0]LogWindows:    0. 'Intel(R) UHD Graphics P630' (P:1 D:1)
[2020.01.23-11.28.10:117][  0]LogWindows:    1. 'Intel(R) UHD Graphics P630' (P:0 D:0)
[2020.01.23-11.28.10:117][  0]LogWindows:    2. 'Intel(R) UHD Graphics P630' (P:0 D:0)
[2020.01.23-11.28.10:117][  0]LogWindows: DebugString: FoundDriverCount:3 
[2020.01.23-11.28.10:117][  0]LogD3D11RHI:     Adapter Name: Intel(R) UHD Graphics P630
[2020.01.23-11.28.10:117][  0]LogD3D11RHI:   Driver Version: 26.20.100.7372 (internal:26.20.100.7372, unified:26.20.100.7372)
[2020.01.23-11.28.10:117][  0]LogD3D11RHI:      Driver Date: 10-25-2019
[2020.01.23-11.28.10:117][  0]LogRHI: Texture pool is 1523 MB (70% of 2176 MB)
[2020.01.23-11.28.10:187][  0]LogD3D11RHI: [IntelMetricsDiscovery] Started
[2020.01.23-11.28.10:187][  0]LogD3D11RHI: Async texture creation enabled
[2020.01.23-11.28.10:191][  0]LogD3D11RHI: GPU Timing Frequency: 12.000048 (Debug: 2 0)
[2020.01.23-11.28.10:445][  0]LogTemp: Display: Module 'AllDesktopTargetPlatform' loaded TargetPlatform 'AllDesktop'
[2020.01.23-11.28.10:452][  0]LogTemp: Display: Module 'MacClientTargetPlatform' loaded TargetPlatform 'MacClient'
[2020.01.23-11.28.10:459][  0]LogTemp: Display: Module 'MacNoEditorTargetPlatform' loaded TargetPlatform 'MacNoEditor'
[2020.01.23-11.28.10:466][  0]LogTemp: Display: Module 'MacServerTargetPlatform' loaded TargetPlatform 'MacServer'
[2020.01.23-11.28.10:473][  0]LogTemp: Display: Module 'MacTargetPlatform' loaded TargetPlatform 'Mac'
[2020.01.23-11.28.10:480][  0]LogTemp: Display: Module 'WindowsClientTargetPlatform' loaded TargetPlatform 'WindowsClient'
[2020.01.23-11.28.10:487][  0]LogTemp: Display: Module 'WindowsNoEditorTargetPlatform' loaded TargetPlatform 'WindowsNoEditor'
[2020.01.23-11.28.10:494][  0]LogTemp: Display: Module 'WindowsServerTargetPlatform' loaded TargetPlatform 'WindowsServer'
[2020.01.23-11.28.10:497][  0]LogTemp: Display: Module 'WindowsTargetPlatform' loaded TargetPlatform 'Windows'
[2020.01.23-11.28.10:523][  0]LogTemp: Display: Module 'AndroidTargetPlatform' loaded TargetPlatform 'Android'
[2020.01.23-11.28.10:523][  0]LogTemp: Display: Module 'AndroidTargetPlatform' loaded TargetPlatform 'Android_ASTC'
[2020.01.23-11.28.10:523][  0]LogTemp: Display: Module 'AndroidTargetPlatform' loaded TargetPlatform 'Android_ATC'
[2020.01.23-11.28.10:523][  0]LogTemp: Display: Module 'AndroidTargetPlatform' loaded TargetPlatform 'Android_DXT'
[2020.01.23-11.28.10:523][  0]LogTemp: Display: Module 'AndroidTargetPlatform' loaded TargetPlatform 'Android_ETC1'
[2020.01.23-11.28.10:523][  0]LogTemp: Display: Module 'AndroidTargetPlatform' loaded TargetPlatform 'Android_ETC1a'
[2020.01.23-11.28.10:523][  0]LogTemp: Display: Module 'AndroidTargetPlatform' loaded TargetPlatform 'Android_ETC2'
[2020.01.23-11.28.10:523][  0]LogTemp: Display: Module 'AndroidTargetPlatform' loaded TargetPlatform 'Android_PVRTC'
[2020.01.23-11.28.10:523][  0]LogTemp: Display: Module 'AndroidTargetPlatform' loaded TargetPlatform 'AndroidClient'
[2020.01.23-11.28.10:523][  0]LogTemp: Display: Module 'AndroidTargetPlatform' loaded TargetPlatform 'Android_ASTCClient'
[2020.01.23-11.28.10:523][  0]LogTemp: Display: Module 'AndroidTargetPlatform' loaded TargetPlatform 'Android_ATCClient'
[2020.01.23-11.28.10:523][  0]LogTemp: Display: Module 'AndroidTargetPlatform' loaded TargetPlatform 'Android_DXTClient'
[2020.01.23-11.28.10:523][  0]LogTemp: Display: Module 'AndroidTargetPlatform' loaded TargetPlatform 'Android_ETC1Client'
[2020.01.23-11.28.10:523][  0]LogTemp: Display: Module 'AndroidTargetPlatform' loaded TargetPlatform 'Android_ETC1aClient'
[2020.01.23-11.28.10:523][  0]LogTemp: Display: Module 'AndroidTargetPlatform' loaded TargetPlatform 'Android_ETC2Client'
[2020.01.23-11.28.10:523][  0]LogTemp: Display: Module 'AndroidTargetPlatform' loaded TargetPlatform 'Android_PVRTCClient'
[2020.01.23-11.28.10:523][  0]LogTemp: Display: Module 'AndroidTargetPlatform' loaded TargetPlatform 'Android_Multi'
[2020.01.23-11.28.10:523][  0]LogTemp: Display: Module 'AndroidTargetPlatform' loaded TargetPlatform 'Android_MultiClient'
[2020.01.23-11.28.10:524][  0]LogTemp: Display: Module 'HTML5TargetPlatform' loaded TargetPlatform 'HTML5'
[2020.01.23-11.28.10:538][  0]LogTemp: Display: Module 'IOSTargetPlatform' loaded TargetPlatform 'IOSClient'
[2020.01.23-11.28.10:538][  0]LogTemp: Display: Module 'IOSTargetPlatform' loaded TargetPlatform 'IOS'
[2020.01.23-11.28.10:549][  0]LogTemp: Display: Module 'TVOSTargetPlatform' loaded TargetPlatform 'TVOSClient'
[2020.01.23-11.28.10:549][  0]LogTemp: Display: Module 'TVOSTargetPlatform' loaded TargetPlatform 'TVOS'
[2020.01.23-11.28.10:554][  0]LogTemp: Display: Module 'LinuxClientTargetPlatform' loaded TargetPlatform 'LinuxClient'
[2020.01.23-11.28.10:560][  0]LogTemp: Display: Module 'LinuxNoEditorTargetPlatform' loaded TargetPlatform 'LinuxNoEditor'
[2020.01.23-11.28.10:565][  0]LogTemp: Display: Module 'LinuxServerTargetPlatform' loaded TargetPlatform 'LinuxServer'
[2020.01.23-11.28.10:571][  0]LogTemp: Display: Module 'LinuxTargetPlatform' loaded TargetPlatform 'Linux'
[2020.01.23-11.28.10:590][  0]LogTemp: Display: Module 'LuminTargetPlatform' loaded TargetPlatform 'Lumin'
[2020.01.23-11.28.10:590][  0]LogTemp: Display: Module 'LuminTargetPlatform' loaded TargetPlatform 'LuminClient'
[2020.01.23-11.28.10:590][  0]LogTargetPlatformManager: Display: Building Assets For Windows
[2020.01.23-11.28.10:597][  0]LogAudioDebug: Display: Lib vorbis DLL was dynamically loaded.
[2020.01.23-11.28.10:639][  0]LogShaderCompilers: Guid format shader working directory is -17 characters bigger than the processId version (../../../../../../Users/Boomsatsuma/Documents/Cool stuff/SCP game/SCP/Intermediate/Shaders/WorkingDirectory/5284/).
[2020.01.23-11.28.10:639][  0]LogShaderCompilers: Cleaned the shader compiler working directory 'C:/Users/Boomsatsuma/AppData/Local/Temp/UnrealShaderWorkingDir/0F00E506477AAF063D09F08E8787E512/'.
[2020.01.23-11.28.10:641][  0]LogXGEController: Cannot use XGE Controller as Incredibuild is not installed on this machine.
[2020.01.23-11.28.10:641][  0]LogShaderCompilers: Cannot use XGE Shader Compiler as Incredibuild is not installed on this machine.
[2020.01.23-11.28.10:641][  0]LogShaderCompilers: Display: Using Local Shader Compiler.
[2020.01.23-11.28.11:145][  0]LogDerivedDataCache: Display: Max Cache Size: 512 MB
[2020.01.23-11.28.11:191][  0]LogDerivedDataCache: Loaded boot cache 0.05s 73MB C:/Users/Boomsatsuma/AppData/Local/UnrealEngine/4.23/DerivedDataCache/Boot.ddc.
[2020.01.23-11.28.11:191][  0]LogDerivedDataCache: Display: Loaded Boot cache: C:/Users/Boomsatsuma/AppData/Local/UnrealEngine/4.23/DerivedDataCache/Boot.ddc
[2020.01.23-11.28.11:191][  0]LogDerivedDataCache: FDerivedDataBackendGraph:  Pak pak cache file ../../../../../../Users/Boomsatsuma/Documents/Cool stuff/SCP game/SCP/DerivedDataCache/DDC.ddp not found, will not use a pak cache.
[2020.01.23-11.28.11:191][  0]LogDerivedDataCache: Unable to find inner node Pak for hierarchical cache Hierarchy.
[2020.01.23-11.28.11:191][  0]LogDerivedDataCache: FDerivedDataBackendGraph:  CompressedPak pak cache file ../../../../../../Users/Boomsatsuma/Documents/Cool stuff/SCP game/SCP/DerivedDataCache/Compressed.ddp not found, will not use a pak cache.
[2020.01.23-11.28.11:191][  0]LogDerivedDataCache: Unable to find inner node CompressedPak for hierarchical cache Hierarchy.
[2020.01.23-11.28.11:201][  0]LogDerivedDataCache: Display: Pak cache opened for reading ../../../Engine/DerivedDataCache/Compressed.ddp.
[2020.01.23-11.28.11:201][  0]LogDerivedDataCache: FDerivedDataBackendGraph:  EnterprisePak pak cache file ../../../Enterprise/DerivedDataCache/Compressed.ddp not found, will not use a pak cache.
[2020.01.23-11.28.11:201][  0]LogDerivedDataCache: Unable to find inner node EnterprisePak for hierarchical cache Hierarchy.
[2020.01.23-11.28.11:202][  0]LogDerivedDataCache: Using Local data cache path C:/Users/Boomsatsuma/AppData/Local/UnrealEngine/Common/DerivedDataCache: Writable
[2020.01.23-11.28.11:202][  0]LogDerivedDataCache: Shared data cache path not found in *engine.ini, will not use an Shared cache.
[2020.01.23-11.28.11:202][  0]LogDerivedDataCache: Unable to find inner node Shared for hierarchical cache Hierarchy.
[2020.01.23-11.28.11:219][  0]LogMaterial: Verifying Global Shaders for PCD3D_SM5
[2020.01.23-11.28.11:221][  0]LogSlate: Using FreeType 2.6.0
[2020.01.23-11.28.11:222][  0]LogSlate: SlateFontServices - WITH_FREETYPE: 1, WITH_HARFBUZZ: 1
[2020.01.23-11.28.11:264][  0]LogAssetRegistry: FAssetRegistry took 0.0019 seconds to start up
[2020.01.23-11.28.11:464][  0]LogInit: Selected Device Profile: [Windows]
[2020.01.23-11.28.11:579][  0]LogMeshReduction: Using QuadricMeshReduction for automatic static mesh reduction
[2020.01.23-11.28.11:579][  0]LogMeshReduction: Using SimplygonMeshReduction for automatic skeletal mesh reduction
[2020.01.23-11.28.11:579][  0]LogMeshReduction: Using ProxyLODMeshReduction for automatic mesh merging
[2020.01.23-11.28.11:579][  0]LogMeshReduction: No distributed automatic mesh merging module available
[2020.01.23-11.28.11:579][  0]LogMeshMerging: No distributed automatic mesh merging module available
[2020.01.23-11.28.11:585][  0]LogNetVersion: SCP 1.0.0, NetCL: 8386587, EngineNetVer: 11, GameNetVer: 0 (Checksum: 493188769)
[2020.01.23-11.28.11:903][  0]LogPackageLocalizationCache: Processed 13 localized package path(s) for 1 prioritized culture(s) in 0.043127 seconds
[2020.01.23-11.28.11:909][  0]LogUObjectArray: 43444 objects as part of root set at end of initial load.
[2020.01.23-11.28.11:909][  0]LogUObjectAllocator: 7548648 out of 0 bytes used by permanent object pool.
[2020.01.23-11.28.11:909][  0]LogUObjectArray: CloseDisregardForGC: 0/0 objects in disregard for GC pool
[2020.01.23-11.28.12:550][  0]LogTcpMessaging: Initializing TcpMessaging bridge
[2020.01.23-11.28.12:552][  0]LogUdpMessaging: Initializing bridge on interface 0.0.0.0:0 to multicast group 230.0.0.1:6666.
[2020.01.23-11.28.12:609][  0]SourceControl: Source control is disabled
[2020.01.23-11.28.12:609][  0]SourceControl: Source control is disabled
[2020.01.23-11.28.12:610][  0]SourceControl: Source control is disabled
[2020.01.23-11.28.12:611][  0]SourceControl: Source control is disabled
[2020.01.23-11.28.12:680][  0]LogAndroidPermission: UAndroidPermissionCallbackProxy::GetInstance
[2020.01.23-11.28.12:792][  0]LogOcInput: OculusInput pre-init called
[2020.01.23-11.28.12:798][  0]LogWindows: Failed to load 'OVRPlugin.dll' (GetLastError=126)
[2020.01.23-11.28.12:798][  0]LogWindows: File 'OVRPlugin.dll' does not exist
[2020.01.23-11.28.12:852][  0]LogEngine: Initializing Engine...
[2020.01.23-11.28.12:853][  0]LogHMD: Failed to initialize OpenVR with code 110
[2020.01.23-11.28.12:854][  0]LogStats: UGameplayTagsManager::InitializeManager -  0.000 s
[2020.01.23-11.28.13:027][  0]LogInit: Initializing FReadOnlyCVARCache
[2020.01.23-11.28.13:047][  0]LogAIModule: Creating AISystem for world Untitled
[2020.01.23-11.28.13:063][  0]LogInit: XAudio2 using 'Speakers (Realtek(R) Audio)' : 2 channels at 48 kHz using 32 bits per sample (channel mask 0x3)
[2020.01.23-11.28.13:080][  0]LogInit: FAudioDevice initialized.
[2020.01.23-11.28.13:080][  0]LogNetVersion: Set ProjectVersion to 1.0.0.0. Version Checksum will be recalculated on next use.
[2020.01.23-11.28.13:298][  0]LogDerivedDataCache: Saved boot cache 0.22s 73MB C:/Users/Boomsatsuma/AppData/Local/UnrealEngine/4.23/DerivedDataCache/Boot.ddc.
[2020.01.23-11.28.13:303][  0]LogInit: Texture streaming: Enabled
[2020.01.23-11.28.13:317][  0]LogEngineSessionManager: EngineSessionManager initialized
[2020.01.23-11.28.13:317][  0]LogEditorSessionSummary: Verbose: Initializing EditorSessionSummaryWriter for editor session tracking
[2020.01.23-11.28.13:318][  0]LogEditorSessionSummary: EditorSessionSummaryWriter initialized
[2020.01.23-11.28.13:360][  0]LogInit: Transaction tracking system initialized
[2020.01.23-11.28.13:386][  0]BlueprintLog: New page: Editor Load
[2020.01.23-11.28.13:447][  0]LocalizationService: Localization service is disabled
[2020.01.23-11.28.14:033][  0]LogFileCache: Scanning file cache for directory 'C:/Users/Boomsatsuma/Documents/Cool stuff/SCP game/SCP/Content/' took 0.00s
[2020.01.23-11.28.14:033][  0]LogCook: Display: Max memory allowance for cook 16384mb min free memory 0mb
[2020.01.23-11.28.14:033][  0]LogCook: Display: Mobile HDR setting 1
[2020.01.23-11.28.14:169][  0]SourceControl: Source control is disabled
[2020.01.23-11.28.14:169][  0]Cmd: MAP LOAD FILE="../../../../../../Users/Boomsatsuma/Documents/Cool stuff/SCP game/SCP/Content/FirstPersonBP/Maps/FirstPersonExampleMap.umap" TEMPLATE=0 SHOWPROGRESS=1 FEATURELEVEL=3
[2020.01.23-11.28.14:169][  0]LightingResults: New page: Lighting Build
[2020.01.23-11.28.14:172][  0]LogWorld: UWorld::CleanupWorld for Untitled, bSessionEnded=true, bCleanupResources=true
[2020.01.23-11.28.14:172][  0]MapCheck: New page: Map Check
[2020.01.23-11.28.14:172][  0]LightingResults: New page: Lighting Build
[2020.01.23-11.28.14:193][  0]LogUObjectHash: Compacting FUObjectHashTables data took   1.28ms
[2020.01.23-11.28.14:399][  0]LogAIModule: Creating AISystem for world FirstPersonExampleMap
[2020.01.23-11.28.14:408][  0]LogEditorServer: Finished looking for orphan Actors (0.000 secs)
[2020.01.23-11.28.14:444][  0]LogUObjectHash: Compacting FUObjectHashTables data took   1.74ms
[2020.01.23-11.28.14:444][  0]Cmd: MAP CHECKDEP NOCLEARLOG
[2020.01.23-11.28.14:444][  0]MapCheck: Map check complete: 0 Error(s), 0 Warning(s), took 0.145ms to complete.
[2020.01.23-11.28.14:444][  0]LogFileHelpers: Loading map 'FirstPersonExampleMap' took 0.276
[2020.01.23-11.28.14:546][  0]LogSlate: Updating window title bar state: overlay mode, drag disabled, window buttons hidden, title bar hidden
[2020.01.23-11.28.14:551][  0]LogSlate: Updating window title bar state: overlay mode, drag disabled, window buttons hidden, title bar hidden
[2020.01.23-11.28.14:557][  0]LogSlate: Updating window title bar state: overlay mode, drag disabled, window buttons hidden, title bar hidden
[2020.01.23-11.28.14:562][  0]LogSlate: Updating window title bar state: overlay mode, drag disabled, window buttons hidden, title bar hidden
[2020.01.23-11.28.14:567][  0]LogCollectionManager: Loaded 0 collections in 0.001521 seconds
[2020.01.23-11.28.14:572][  0]LogFileCache: Scanning file cache for directory 'C:/Users/Boomsatsuma/Documents/Cool stuff/SCP game/SCP/Saved/Collections/' took 0.00s
[2020.01.23-11.28.14:572][  0]LogFileCache: Scanning file cache for directory 'C:/Users/Boomsatsuma/Documents/Cool stuff/SCP game/SCP/Content/Developers/Boomsatsuma/Collections/' took 0.00s
[2020.01.23-11.28.14:572][  0]LogFileCache: Scanning file cache for directory 'C:/Users/Boomsatsuma/Documents/Cool stuff/SCP game/SCP/Content/Collections/' took 0.00s
[2020.01.23-11.28.14:572][  0]LogCollectionManager: Rebuilt the GUID cache for 0 collections in 0.000001 seconds
[2020.01.23-11.28.14:579][  0]LogContentBrowser: Native class hierarchy populated in 0.0065 seconds. Added 2873 classes and 697 folders.
[2020.01.23-11.28.14:584][  0]LogContentBrowser: Native class hierarchy updated for 'WidgetCarousel' in 0.0002 seconds. Added 0 classes and 0 folders.
[2020.01.23-11.28.14:613][  0]LogContentBrowser: Native class hierarchy updated for 'AddContentDialog' in 0.0002 seconds. Added 0 classes and 0 folders.
[2020.01.23-11.28.14:617][  0]LogContentBrowser: Native class hierarchy updated for 'SceneOutliner' in 0.0002 seconds. Added 1 classes and 2 folders.
[2020.01.23-11.28.14:680][  0]LogSlate: Took 0.000119 seconds to synchronously load lazily loaded font '../../../Engine/Content/Slate/Fonts/Roboto-Regular.ttf' (155K)
[2020.01.23-11.28.14:681][  0]LogSlate: Took 0.000129 seconds to synchronously load lazily loaded font '../../../Engine/Content/Slate/Fonts/Roboto-Bold.ttf' (160K)
[2020.01.23-11.28.14:685][  0]LogSlate: Took 0.000134 seconds to synchronously load lazily loaded font '../../../Engine/Content/Editor/Slate/Fonts/FontAwesome.ttf' (139K)
[2020.01.23-11.28.14:740][  0]LogRenderer: Reallocating scene render targets to support 1208x572 Format 9 NumSamples 1 (Frame:1).
[2020.01.23-11.28.14:912][  0]LogContentBrowser: Native class hierarchy updated for 'HierarchicalLODOutliner' in 0.0002 seconds. Added 0 classes and 0 folders.
[2020.01.23-11.28.14:912][  0]LogLoad: (Engine Initialization) Total time: 6.03 seconds
[2020.01.23-11.28.14:912][  0]LogLoad: (Engine Initialization) Total Blueprint compile time: 0.00 seconds
[2020.01.23-11.28.14:953][  0]LogAssetRegistry: Asset discovery search completed in 3.6900 seconds
[2020.01.23-11.28.14:956][  0]LogCollectionManager: Rebuilt the object cache for 0 collections in 0.000004 seconds (found 0 objects)
[2020.01.23-11.28.14:956][  0]LogCollectionManager: Fixed up redirectors for 0 collections in 0.000042 seconds (updated 0 objects)
[2020.01.23-11.28.14:957][  0]LogContentStreaming: Texture pool size now 600 MB
[2020.01.23-11.28.14:971][  0]LogSlate: Took 0.000147 seconds to synchronously load lazily loaded font '../../../Engine/Content/Slate/Fonts/Roboto-Light.ttf' (167K)
[2020.01.23-11.28.19:941][154]LogSlate: FSceneViewport::OnFocusLost() reason 0
[2020.01.23-11.28.20:032][160]LogSlate: Window 'Plugins' being destroyed
[2020.01.23-11.28.20:038][160]LogSlate: Window 'Plugins' being destroyed
[2020.01.23-11.28.20:039][160]LogDirectoryWatcher: A directory notification for '../../../Engine/Plugins/' was aborted.
[2020.01.23-11.28.22:275][239]LogSlate: FSceneViewport::OnFocusLost() reason 5
[2020.01.23-11.28.25:790][636]LogSlate: FSceneViewport::OnFocusLost() reason 5
[2020.01.23-11.28.26:835][672]LogConcert: Display: Admin (F62C240A40C432D36FF480ACA8CAFA74): Remote endpoint '63BB8E464C13C4C98CB05FACE100736A' discovered.
[2020.01.23-11.28.27:545][695]LogConcert: [Pending] Launching Unreal Multi-User Server...
[2020.01.23-11.28.27:556][695]LogConcert: [Success] Launched Unreal Multi-User Server
[2020.01.23-11.28.29:418][789]LogConcert: Display: Admin (F62C240A40C432D36FF480ACA8CAFA74): Remote endpoint '5D7610EC45C31F8D7CAD76B494E7220E' discovered.
[2020.01.23-11.28.29:427][790]LogConcert: Display: Server DESKTOP-10OBL1P discovered.
[2020.01.23-11.28.30:118][793]LogSlate: Took 0.009277 seconds to synchronously load lazily loaded font '../../../Engine/Content/Slate/Fonts/Roboto-Italic.ttf' (157K)
[2020.01.23-11.28.35:773][970]LogConcert: [Pending] Joining Session...
[2020.01.23-11.28.35:773][970]LogConcert: [Pending] Joining Session... - Validating Workspace...
[2020.01.23-11.28.35:777][970]LogSlate: Took 0.000228 seconds to synchronously load lazily loaded font '../../../Engine/Content/Slate/Fonts/Roboto-Light.ttf' (167K)
[2020.01.23-11.28.35:818][974]LogConcert: [Pending] Joining Session... - Attempting Remote Connection...
[2020.01.23-11.28.35:921][986]LogConcert: Error: [Failure] Failed to Join Session - Invalid project name (expected 'SciFiHallway', got 'SCP')
[2020.01.23-11.28.45:158][326]LogConcert: [Pending] Creating Session 'SCP'...
[2020.01.23-11.28.45:158][326]LogConcert: [Pending] Creating Session 'SCP'... - Validating Workspace...
[2020.01.23-11.28.45:234][331]LogConcert: [Pending] Creating Session 'SCP'... - Attempting Remote Connection...
[2020.01.23-11.28.45:342][338]LogConcert: Error: [Failure] Failed to Create Session 'SCP' - Session 'SCP' already exists
[2020.01.23-11.28.49:452][560]LogSlate: Window 'Delete Session Confirmation' being destroyed
[2020.01.23-11.28.49:458][560]LogConcert: [Pending] Deleting Session...
[2020.01.23-11.28.49:515][563]LogConcert: [Success] Deleted Session 'SCP'
[2020.01.23-11.28.50:449][588]LogSlate: FSceneViewport::OnFocusLost() reason 0
[2020.01.23-11.28.52:378][676]LogSlate: Window 'Delete Session Confirmation' being destroyed
[2020.01.23-11.28.52:384][676]LogConcert: [Pending] Deleting Session...
[2020.01.23-11.28.52:394][677]LogConcert: [Success] Deleted Session 'dylan'
[2020.01.23-11.28.53:865][720]LogSlate: FSceneViewport::OnFocusLost() reason 0
[2020.01.23-11.28.58:904][926]LogConcert: [Pending] Creating Session 'SCP'...
[2020.01.23-11.28.58:904][926]LogConcert: [Pending] Creating Session 'SCP'... - Validating Workspace...
[2020.01.23-11.28.58:985][936]LogConcert: [Pending] Creating Session 'SCP'... - Attempting Remote Connection...
[2020.01.23-11.28.59:065][943]SourceControl: Source control is disabled
[2020.01.23-11.28.59:065][943]SourceControl: Source control is disabled
[2020.01.23-11.28.59:208][943]LogConcert: Display: Initialized Concert session 'SCP' (Id: 50116BB043EDE403E5B99ABEF4EBFB40, Owner: Boomsatsuma).
[2020.01.23-11.28.59:208][943]LogConcert: Display: Connecting to Concert session 'SCP' (Id: 50116BB043EDE403E5B99ABEF4EBFB40, Owner: Boomsatsuma).
[2020.01.23-11.28.59:223][944]LogConcert: Display: SCP (B10B206048A3ECD5BE6A59AAB37240F4): Remote endpoint 'D350F5994BD668D202155BB2ED3324F0' discovered.
[2020.01.23-11.28.59:223][944]LogConcert: [Success] Created Session 'SCP'
[2020.01.23-11.28.59:251][945]LogConcert: Display: Connected to Concert session 'SCP' (Id: 50116BB043EDE403E5B99ABEF4EBFB40, Owner: Boomsatsuma).
[2020.01.23-11.28.59:270][947]LogConcert: Display: Synced activity '1' produced by endpoint 'B10B206048A3ECD5BE6A59AAB37240F4': Boomsatsuma joined the session.
[2020.01.23-11.29.05:009][153]LogSlate: FSceneViewport::OnFocusLost() reason 0
[2020.01.23-11.32.14:953][836]LogEditorSessionSummary: EditorSessionSummary sent report. Type=Shutdown, SessionId={20B4769B-410C-E6A5-BE60-A58916BD69AC}
[2020.01.23-11.32.19:002][957]LogConcert: Display: User 'Boomsatsuma' (Endpoint: 373A8A834D366E64B9DA7683A5996D39) joined Concert session 'SCP' (Id: 50116BB043EDE403E5B99ABEF4EBFB40, Owner: Boomsatsuma).
[2020.01.23-11.32.19:003][957]LogConcert: Display: Synced activity '2' produced by endpoint '373A8A834D366E64B9DA7683A5996D39': Boomsatsuma joined the session.
[2020.01.23-11.33.01:092][233]LogSlate: FSceneViewport::OnFocusLost() reason 5
[2020.01.23-11.36.15:503][260]LogEditorSessionSummary: EditorSessionSummary sent report. Type=Shutdown, SessionId={FBF3094A-4E95-B823-5FB3-8CAD1519CECF}
[2020.01.23-11.37.15:832][440]LogEditorSessionSummary: EditorSessionSummary sent report. Type=Shutdown, SessionId={F6B91B5E-490A-E243-F064-9188A55DA762}
[2020.01.23-11.38.16:162][620]LogEditorSessionSummary: EditorSessionSummary sent report. Type=Shutdown, SessionId={7F8290CE-4904-1524-9DE3-CDAA078F3F1F}
